<?xml version="1.0" encoding="UTF-8"?>
<!-- Generated by org.testng.reporters.JUnitXMLReporter -->
<testsuite ignored="0" hostname="lenovo" failures="0" tests="6" name="Default test" time="21.69" errors="0" timestamp="2026-07-30T21:33:57 IST">
  <testcase classname="api.test.DDTests" name="testPostuser" time="8.561"/>
  <testcase classname="api.test.DDTests" name="testPostuser" time="1.608"/>
  <testcase classname="api.test.DDTests" name="testPostuser" time="1.62"/>
  <testcase classname="api.test.DDTests" name="testDeleteUserByName" time="1.814"/>
  <testcase classname="api.test.DDTests" name="testDeleteUserByName" time="1.633"/>
  <testcase classname="api.test.DDTests" name="testDeleteUserByName" time="1.622"/>
</testsuite> <!-- Default test -->
