<?xml version="1.0" encoding="UTF-8"?>
<!-- Generated by org.testng.reporters.JUnitXMLReporter -->
<testsuite ignored="0" hostname="lenovo" failures="0" tests="4" name="PetTests" time="16.546" errors="0" timestamp="2026-08-03T16:25:31 IST">
  <testcase classname="api.test.UserTests" name="testPostUser" time="6.837"/>
  <testcase classname="api.test.UserTests" name="testGetUserByName" time="1.716"/>
  <testcase classname="api.test.UserTests" name="testUpdateUserByName" time="3.469"/>
  <testcase classname="api.test.UserTests" name="testDeleteUserByName" time="1.426"/>
</testsuite> <!-- PetTests -->
