<?xml version="1.0" encoding="UTF-8"?>
<!-- Generated by org.testng.reporters.JUnitReportReporter -->
<testsuite hostname="lenovo" failures="0" tests="4" name="api.test.UserTests2" time="18.473" errors="0" timestamp="2026-08-02T20:05:11 IST" skipped="0">
  <testcase classname="api.test.UserTests2" name="testPostUser" time="11.550"/>
  <testcase classname="api.test.UserTests2" name="testGetUserByName" time="1.735"/>
  <testcase classname="api.test.UserTests2" name="testUpdateUserByName" time="3.254"/>
  <testcase classname="api.test.UserTests2" name="testDeleteUserByName" time="1.934"/>
</testsuite> <!-- api.test.UserTests2 -->
