<?xml version="1.0" encoding="UTF-8"?>
<!-- Generated by org.testng.reporters.JUnitReportReporter -->
<testsuite hostname="lenovo" failures="0" tests="4" name="api.test.UserTests" time="15.254" errors="0" timestamp="2026-07-31T17:16:49 IST" skipped="0">
  <testcase classname="api.test.UserTests" name="testPostUser" time="8.726"/>
  <testcase classname="api.test.UserTests" name="testGetUserByName" time="1.745"/>
  <testcase classname="api.test.UserTests" name="testUpdateUserByName" time="3.154"/>
  <testcase classname="api.test.UserTests" name="testDeleteUserByName" time="1.629"/>
</testsuite> <!-- api.test.UserTests -->
