<?xml version="1.0" encoding="UTF-8"?>
<!-- Generated by org.testng.reporters.JUnitReportReporter -->
<testsuite hostname="lenovo" failures="0" tests="6" name="api.test.DDTests" time="16.858" errors="0" timestamp="2026-07-30T21:33:57 IST" skipped="0">
  <testcase classname="api.test.DDTests" name="testPostuser" time="1.608"/>
  <testcase classname="api.test.DDTests" name="testPostuser" time="8.561"/>
  <testcase classname="api.test.DDTests" name="testPostuser" time="1.620"/>
  <testcase classname="api.test.DDTests" name="testDeleteUserByName" time="1.622"/>
  <testcase classname="api.test.DDTests" name="testDeleteUserByName" time="1.633"/>
  <testcase classname="api.test.DDTests" name="testDeleteUserByName" time="1.814"/>
</testsuite> <!-- api.test.DDTests -->
