<?xml version="1.0" encoding="UTF-8"?>
<!-- Generated by org.testng.reporters.JUnitXMLReporter -->
<testsuite ignored="0" hostname="lenovo" failures="0" tests="4" name="PetTests" time="23.874" errors="0" timestamp="2026-08-02T20:05:10 IST">
  <testcase classname="api.test.UserTests2" name="testPostUser" time="11.55"/>
  <testcase classname="api.test.UserTests2" name="testGetUserByName" time="1.735"/>
  <testcase classname="api.test.UserTests2" name="testUpdateUserByName" time="3.254"/>
  <testcase classname="api.test.UserTests2" name="testDeleteUserByName" time="1.934"/>
</testsuite> <!-- PetTests -->
